<?xml version="1.0" encoding="UTF-8"?>
<testng-results total="1" passed="1" failed="0" skipped="0">
  <reporter-output>
  </reporter-output>
  <suite started-at="2023-02-07T14:21:47Z" name="Suite" finished-at="2023-02-07T14:22:52Z" duration-ms="64865">
    <groups>
    </groups>
    <test started-at="2023-02-07T14:21:47Z" name="Test" finished-at="2023-02-07T14:22:52Z" duration-ms="64865">
      <class name="com.project.automationDemoProject.TestDemo">
        <test-method is-config="true" signature="beforeTest()[pri:0, instance:com.project.automationDemoProject.TestDemo@127a7a2e]" started-at="2023-02-07T19:51:47Z" name="beforeTest" finished-at="2023-02-07T19:51:47Z" duration-ms="7" status="PASS">
          <reporter-output>
          </reporter-output>
        </test-method> <!-- beforeTest -->
        <test-method signature="test()[pri:0, instance:com.project.automationDemoProject.TestDemo@127a7a2e]" started-at="2023-02-07T19:51:47Z" name="test" finished-at="2023-02-07T19:52:51Z" duration-ms="64217" status="PASS">
          <reporter-output>
          </reporter-output>
        </test-method> <!-- test -->
        <test-method is-config="true" signature="afterTest()[pri:0, instance:com.project.automationDemoProject.TestDemo@127a7a2e]" started-at="2023-02-07T19:52:51Z" name="afterTest" finished-at="2023-02-07T19:52:52Z" duration-ms="632" status="PASS">
          <reporter-output>
          </reporter-output>
        </test-method> <!-- afterTest -->
      </class> <!-- com.project.automationDemoProject.TestDemo -->
    </test> <!-- Test -->
  </suite> <!-- Suite -->
</testng-results>
